<?xml version="1.0" encoding="UTF-8"?>
<!-- Generated by org.testng.reporters.JUnitXMLReporter -->
<testsuite ignored="4" hostname="LAPTOP-CVK207NV" failures="0" tests="3" name="MyTest" time="0.095" errors="0" timestamp="2022-06-15T17:49:10 IST">
  <testcase classname="xmlStudy.MyTest" name="MyMethod1" time="0.014"/>
  <testcase classname="xmlStudy.MyTest" name="MyMethod3" time="0.002"/>
  <testcase classname="xmlStudy.MyTest" name="MyMethod5" time="0.001"/>
  <testcase classname="xmlStudy.MyTest" name="MyMethod6" time="0.0">
    <ignored/>
  </testcase> <!-- MyMethod6 -->
  <testcase classname="xmlStudy.MyTest" name="MyMethod7" time="0.0">
    <ignored/>
  </testcase> <!-- MyMethod7 -->
  <testcase classname="xmlStudy.MyTest" name="MyMethod2" time="0.0">
    <ignored/>
  </testcase> <!-- MyMethod2 -->
  <testcase classname="xmlStudy.MyTest" name="MyMethod4" time="0.0">
    <ignored/>
  </testcase> <!-- MyMethod4 -->
</testsuite> <!-- MyTest -->
