<?xml version="1.0" encoding="UTF-8"?>
<!-- Generated by org.testng.reporters.JUnitXMLReporter -->
<testsuite ignored="0" hostname="LAPTOP-CVK207NV" failures="0" tests="4" name="Test" time="0.101" errors="0" timestamp="2022-06-23T11:40:01 IST">
  <testcase classname="testNGListener.pune" name="Kamshet" time="0.015"/>
  <testcase classname="testNGListener.pune" name="Swargate" time="0.001"/>
  <testcase classname="testNGListener.mumbai" name="Nerul" time="0.001"/>
  <testcase classname="testNGListener.mumbai" name="vashi" time="0.002"/>
</testsuite> <!-- Test -->
