<?xml version="1.0" encoding="UTF-8"?>
<testng-results ignored="0" total="1" passed="1" failed="0" skipped="0">
  <reporter-output>
    <line>
      <![CDATA[Actual UN and Expected UN are matched TC is passed]]>
    </line>
  </reporter-output>
  <suite started-at="2022-06-23T12:44:40 IST" name="Default suite" finished-at="2022-06-23T12:44:47 IST" duration-ms="7040">
    <groups>
    </groups>
    <test started-at="2022-06-23T12:44:40 IST" name="Default test" finished-at="2022-06-23T12:44:47 IST" duration-ms="7040">
      <class name="failTestUsingListener.KiteUNTestUsingProperty">
        <test-method is-config="true" signature="launchBrowser()[pri:0, instance:failTestUsingListener.KiteUNTestUsingProperty@223191a6]" started-at="2022-06-23T12:44:40 IST" name="launchBrowser" finished-at="2022-06-23T12:44:44 IST" duration-ms="3524" status="PASS">
          <reporter-output>
          </reporter-output>
        </test-method> <!-- launchBrowser -->
        <test-method is-config="true" signature="loginToKIteApp()[pri:0, instance:failTestUsingListener.KiteUNTestUsingProperty@223191a6]" started-at="2022-06-23T12:44:44 IST" name="loginToKIteApp" finished-at="2022-06-23T12:44:45 IST" duration-ms="536" status="PASS">
          <reporter-output>
          </reporter-output>
        </test-method> <!-- loginToKIteApp -->
        <test-method signature="validateUserName()[pri:0, instance:failTestUsingListener.KiteUNTestUsingProperty@223191a6]" started-at="2022-06-23T12:44:45 IST" name="validateUserName" finished-at="2022-06-23T12:44:45 IST" duration-ms="840" status="PASS">
          <reporter-output>
            <line>
              <![CDATA[Actual UN and Expected UN are matched TC is passed]]>
            </line>
          </reporter-output>
        </test-method> <!-- validateUserName -->
        <test-method is-config="true" signature="logOutFromKite()[pri:0, instance:failTestUsingListener.KiteUNTestUsingProperty@223191a6]" started-at="2022-06-23T12:44:45 IST" name="logOutFromKite" finished-at="2022-06-23T12:44:46 IST" duration-ms="827" status="PASS">
          <reporter-output>
          </reporter-output>
        </test-method> <!-- logOutFromKite -->
        <test-method is-config="true" signature="CloseBrowser()[pri:0, instance:failTestUsingListener.KiteUNTestUsingProperty@223191a6]" started-at="2022-06-23T12:44:46 IST" name="CloseBrowser" finished-at="2022-06-23T12:44:47 IST" duration-ms="1245" status="PASS">
          <reporter-output>
          </reporter-output>
        </test-method> <!-- CloseBrowser -->
      </class> <!-- failTestUsingListener.KiteUNTestUsingProperty -->
    </test> <!-- Default test -->
  </suite> <!-- Default suite -->
</testng-results>
